<?xml version="1.0" encoding="UTF-8"?><testsuite errors="2" failures="0" name="Login" skipped="0" tests="2" time="4.86" timestamp="2022-10-11 12:13:14"><testcase name="Login Successful"><error message="Could not instantiate class org.openqa.selenium.chrome.ChromeDriver" type="net.thucydides.core.webdriver.DriverConfigurationError">Could not instantiate class org.openqa.selenium.chrome.ChromeDriver</error><system-err>Could not instantiate class org.openqa.selenium.chrome.ChromeDriver&#13;
com.co.stepsdefinitions.LoginStepDefinition.heUserIsInTheWebpage(LoginStepDefinition.java:39)&#13;
cucumber.runner.Runner.runPickle(Runner.java:80)&#13;
</system-err></testcase><testcase name="Login Fails"><error message="Could not instantiate class org.openqa.selenium.chrome.ChromeDriver" type="net.thucydides.core.webdriver.DriverConfigurationError">Could not instantiate class org.openqa.selenium.chrome.ChromeDriver</error><system-err>Could not instantiate class org.openqa.selenium.chrome.ChromeDriver&#13;
com.co.stepsdefinitions.LoginStepDefinition.heUserIsInTheWebpage(LoginStepDefinition.java:39)&#13;
cucumber.runner.Runner.runPickle(Runner.java:80)&#13;
</system-err></testcase></testsuite>